<?xml version="1.0" encoding="UTF-8"?>
<testsuite xmlns:xsi="http://www.w3.org/2001/XMLSchema-instance" xsi:noNamespaceSchemaLocation="https://maven.apache.org/surefire/maven-surefire-plugin/xsd/surefire-test-report.xsd" version="3.0.2" name="com.example.userservice.UserServiceApplicationTests" time="7.948" tests="1" errors="0" skipped="0" failures="0">
  <properties>
    <property name="java.specification.version" value="17"/>
    <property name="sun.cpu.isalist" value="amd64"/>
    <property name="sun.jnu.encoding" value="Cp1252"/>
    <property name="java.class.path" value="D:\Project\User Service\target\test-classes;D:\Project\User Service\target\classes;C:\Users\Aditya\.m2\repository\javax\xml\bind\jaxb-api\2.3.1\jaxb-api-2.3.1.jar;C:\Users\Aditya\.m2\repository\javax\activation\javax.activation-api\1.2.0\javax.activation-api-1.2.0.jar;C:\Users\Aditya\.m2\repository\org\glassfish\jaxb\jaxb-runtime\2.3.1\jaxb-runtime-2.3.1.jar;C:\Users\Aditya\.m2\repository\org\glassfish\jaxb\txw2\4.0.5\txw2-4.0.5.jar;C:\Users\Aditya\.m2\repository\com\sun\istack\istack-commons-runtime\4.1.2\istack-commons-runtime-4.1.2.jar;C:\Users\Aditya\.m2\repository\org\jvnet\staxex\stax-ex\2.1.0\stax-ex-2.1.0.jar;C:\Users\Aditya\.m2\repository\jakarta\activation\jakarta.activation-api\2.1.3\jakarta.activation-api-2.1.3.jar;C:\Users\Aditya\.m2\repository\com\sun\xml\fastinfoset\FastInfoset\2.1.1\FastInfoset-2.1.1.jar;C:\Users\Aditya\.m2\repository\io\jsonwebtoken\jjwt\0.9.1\jjwt-0.9.1.jar;C:\Users\Aditya\.m2\repository\com\fasterxml\jackson\core\jackson-databind\2.18.0\jackson-databind-2.18.0.jar;C:\Users\Aditya\.m2\repository\com\fasterxml\jackson\core\jackson-annotations\2.18.0\jackson-annotations-2.18.0.jar;C:\Users\Aditya\.m2\repository\com\fasterxml\jackson\core\jackson-core\2.18.0\jackson-core-2.18.0.jar;C:\Users\Aditya\.m2\repository\org\springframework\boot\spring-boot-starter-actuator\3.4.0-SNAPSHOT\spring-boot-starter-actuator-3.4.0-SNAPSHOT.jar;C:\Users\Aditya\.m2\repository\org\springframework\boot\spring-boot-starter\3.4.0-SNAPSHOT\spring-boot-starter-3.4.0-SNAPSHOT.jar;C:\Users\Aditya\.m2\repository\org\springframework\boot\spring-boot\3.4.0-SNAPSHOT\spring-boot-3.4.0-SNAPSHOT.jar;C:\Users\Aditya\.m2\repository\org\springframework\boot\spring-boot-autoconfigure\3.4.0-SNAPSHOT\spring-boot-autoconfigure-3.4.0-SNAPSHOT.jar;C:\Users\Aditya\.m2\repository\org\springframework\boot\spring-boot-starter-logging\3.4.0-SNAPSHOT\spring-boot-starter-logging-3.4.0-SNAPSHOT.jar;C:\Users\Aditya\.m2\repository\ch\qos\logback\logback-classic\1.5.11\logback-classic-1.5.11.jar;C:\Users\Aditya\.m2\repository\ch\qos\logback\logback-core\1.5.11\logback-core-1.5.11.jar;C:\Users\Aditya\.m2\repository\org\apache\logging\log4j\log4j-to-slf4j\2.24.1\log4j-to-slf4j-2.24.1.jar;C:\Users\Aditya\.m2\repository\org\apache\logging\log4j\log4j-api\2.24.1\log4j-api-2.24.1.jar;C:\Users\Aditya\.m2\repository\org\slf4j\jul-to-slf4j\2.0.16\jul-to-slf4j-2.0.16.jar;C:\Users\Aditya\.m2\repository\jakarta\annotation\jakarta.annotation-api\2.1.1\jakarta.annotation-api-2.1.1.jar;C:\Users\Aditya\.m2\repository\org\yaml\snakeyaml\2.3\snakeyaml-2.3.jar;C:\Users\Aditya\.m2\repository\org\springframework\boot\spring-boot-actuator-autoconfigure\3.4.0-SNAPSHOT\spring-boot-actuator-autoconfigure-3.4.0-SNAPSHOT.jar;C:\Users\Aditya\.m2\repository\org\springframework\boot\spring-boot-actuator\3.4.0-SNAPSHOT\spring-boot-actuator-3.4.0-SNAPSHOT.jar;C:\Users\Aditya\.m2\repository\com\fasterxml\jackson\datatype\jackson-datatype-jsr310\2.18.0\jackson-datatype-jsr310-2.18.0.jar;C:\Users\Aditya\.m2\repository\io\micrometer\micrometer-observation\1.14.0-RC1\micrometer-observation-1.14.0-RC1.jar;C:\Users\Aditya\.m2\repository\io\micrometer\micrometer-commons\1.14.0-RC1\micrometer-commons-1.14.0-RC1.jar;C:\Users\Aditya\.m2\repository\io\micrometer\micrometer-jakarta9\1.14.0-RC1\micrometer-jakarta9-1.14.0-RC1.jar;C:\Users\Aditya\.m2\repository\io\micrometer\micrometer-core\1.14.0-RC1\micrometer-core-1.14.0-RC1.jar;C:\Users\Aditya\.m2\repository\org\hdrhistogram\HdrHistogram\2.2.2\HdrHistogram-2.2.2.jar;C:\Users\Aditya\.m2\repository\org\latencyutils\LatencyUtils\2.0.3\LatencyUtils-2.0.3.jar;C:\Users\Aditya\.m2\repository\org\springframework\boot\spring-boot-starter-data-jpa\3.4.0-SNAPSHOT\spring-boot-starter-data-jpa-3.4.0-SNAPSHOT.jar;C:\Users\Aditya\.m2\repository\org\springframework\boot\spring-boot-starter-jdbc\3.4.0-SNAPSHOT\spring-boot-starter-jdbc-3.4.0-SNAPSHOT.jar;C:\Users\Aditya\.m2\repository\com\zaxxer\HikariCP\5.1.0\HikariCP-5.1.0.jar;C:\Users\Aditya\.m2\repository\org\springframework\spring-jdbc\6.2.0-SNAPSHOT\spring-jdbc-6.2.0-SNAPSHOT.jar;C:\Users\Aditya\.m2\repository\org\hibernate\orm\hibernate-core\6.6.1.Final\hibernate-core-6.6.1.Final.jar;C:\Users\Aditya\.m2\repository\jakarta\persistence\jakarta.persistence-api\3.1.0\jakarta.persistence-api-3.1.0.jar;C:\Users\Aditya\.m2\repository\jakarta\transaction\jakarta.transaction-api\2.0.1\jakarta.transaction-api-2.0.1.jar;C:\Users\Aditya\.m2\repository\org\jboss\logging\jboss-logging\3.6.1.Final\jboss-logging-3.6.1.Final.jar;C:\Users\Aditya\.m2\repository\org\hibernate\common\hibernate-commons-annotations\7.0.1.Final\hibernate-commons-annotations-7.0.1.Final.jar;C:\Users\Aditya\.m2\repository\io\smallrye\jandex\3.2.0\jandex-3.2.0.jar;C:\Users\Aditya\.m2\repository\com\fasterxml\classmate\1.7.0\classmate-1.7.0.jar;C:\Users\Aditya\.m2\repository\net\bytebuddy\byte-buddy\1.15.7\byte-buddy-1.15.7.jar;C:\Users\Aditya\.m2\repository\jakarta\inject\jakarta.inject-api\2.0.1\jakarta.inject-api-2.0.1.jar;C:\Users\Aditya\.m2\repository\org\antlr\antlr4-runtime\4.13.0\antlr4-runtime-4.13.0.jar;C:\Users\Aditya\.m2\repository\org\springframework\data\spring-data-jpa\3.4.0-SNAPSHOT\spring-data-jpa-3.4.0-SNAPSHOT.jar;C:\Users\Aditya\.m2\repository\org\springframework\data\spring-data-commons\3.4.0-SNAPSHOT\spring-data-commons-3.4.0-SNAPSHOT.jar;C:\Users\Aditya\.m2\repository\org\springframework\spring-orm\6.2.0-SNAPSHOT\spring-orm-6.2.0-SNAPSHOT.jar;C:\Users\Aditya\.m2\repository\org\springframework\spring-context\6.2.0-SNAPSHOT\spring-context-6.2.0-SNAPSHOT.jar;C:\Users\Aditya\.m2\repository\org\springframework\spring-tx\6.2.0-SNAPSHOT\spring-tx-6.2.0-SNAPSHOT.jar;C:\Users\Aditya\.m2\repository\org\springframework\spring-beans\6.2.0-SNAPSHOT\spring-beans-6.2.0-SNAPSHOT.jar;C:\Users\Aditya\.m2\repository\org\slf4j\slf4j-api\2.0.16\slf4j-api-2.0.16.jar;C:\Users\Aditya\.m2\repository\org\springframework\spring-aspects\6.2.0-SNAPSHOT\spring-aspects-6.2.0-SNAPSHOT.jar;C:\Users\Aditya\.m2\repository\org\aspectj\aspectjweaver\1.9.22.1\aspectjweaver-1.9.22.1.jar;C:\Users\Aditya\.m2\repository\com\h2database\h2\2.3.232\h2-2.3.232.jar;C:\Users\Aditya\.m2\repository\org\springframework\boot\spring-boot-starter-security\3.4.0-SNAPSHOT\spring-boot-starter-security-3.4.0-SNAPSHOT.jar;C:\Users\Aditya\.m2\repository\org\springframework\spring-aop\6.2.0-SNAPSHOT\spring-aop-6.2.0-SNAPSHOT.jar;C:\Users\Aditya\.m2\repository\org\springframework\security\spring-security-config\6.4.0-SNAPSHOT\spring-security-config-6.4.0-SNAPSHOT.jar;C:\Users\Aditya\.m2\repository\org\springframework\security\spring-security-core\6.4.0-SNAPSHOT\spring-security-core-6.4.0-SNAPSHOT.jar;C:\Users\Aditya\.m2\repository\org\springframework\security\spring-security-crypto\6.4.0-SNAPSHOT\spring-security-crypto-6.4.0-SNAPSHOT.jar;C:\Users\Aditya\.m2\repository\org\springframework\security\spring-security-web\6.4.0-SNAPSHOT\spring-security-web-6.4.0-SNAPSHOT.jar;C:\Users\Aditya\.m2\repository\org\springframework\spring-expression\6.2.0-SNAPSHOT\spring-expression-6.2.0-SNAPSHOT.jar;C:\Users\Aditya\.m2\repository\com\mysql\mysql-connector-j\8.0.33\mysql-connector-j-8.0.33.jar;C:\Users\Aditya\.m2\repository\org\springframework\boot\spring-boot-starter-web\3.4.0-SNAPSHOT\spring-boot-starter-web-3.4.0-SNAPSHOT.jar;C:\Users\Aditya\.m2\repository\org\springframework\boot\spring-boot-starter-json\3.4.0-SNAPSHOT\spring-boot-starter-json-3.4.0-SNAPSHOT.jar;C:\Users\Aditya\.m2\repository\com\fasterxml\jackson\datatype\jackson-datatype-jdk8\2.18.0\jackson-datatype-jdk8-2.18.0.jar;C:\Users\Aditya\.m2\repository\com\fasterxml\jackson\module\jackson-module-parameter-names\2.18.0\jackson-module-parameter-names-2.18.0.jar;C:\Users\Aditya\.m2\repository\org\springframework\boot\spring-boot-starter-tomcat\3.4.0-SNAPSHOT\spring-boot-starter-tomcat-3.4.0-SNAPSHOT.jar;C:\Users\Aditya\.m2\repository\org\apache\tomcat\embed\tomcat-embed-core\10.1.31\tomcat-embed-core-10.1.31.jar;C:\Users\Aditya\.m2\repository\org\apache\tomcat\embed\tomcat-embed-el\10.1.31\tomcat-embed-el-10.1.31.jar;C:\Users\Aditya\.m2\repository\org\apache\tomcat\embed\tomcat-embed-websocket\10.1.31\tomcat-embed-websocket-10.1.31.jar;C:\Users\Aditya\.m2\repository\org\springframework\spring-web\6.2.0-SNAPSHOT\spring-web-6.2.0-SNAPSHOT.jar;C:\Users\Aditya\.m2\repository\org\springframework\spring-webmvc\6.2.0-SNAPSHOT\spring-webmvc-6.2.0-SNAPSHOT.jar;C:\Users\Aditya\.m2\repository\org\springframework\session\spring-session-core\3.4.0-SNAPSHOT\spring-session-core-3.4.0-SNAPSHOT.jar;C:\Users\Aditya\.m2\repository\org\springframework\spring-jcl\6.2.0-SNAPSHOT\spring-jcl-6.2.0-SNAPSHOT.jar;C:\Users\Aditya\.m2\repository\org\projectlombok\lombok\1.18.34\lombok-1.18.34.jar;C:\Users\Aditya\.m2\repository\org\springframework\boot\spring-boot-starter-test\3.4.0-SNAPSHOT\spring-boot-starter-test-3.4.0-SNAPSHOT.jar;C:\Users\Aditya\.m2\repository\org\springframework\boot\spring-boot-test\3.4.0-SNAPSHOT\spring-boot-test-3.4.0-SNAPSHOT.jar;C:\Users\Aditya\.m2\repository\org\springframework\boot\spring-boot-test-autoconfigure\3.4.0-SNAPSHOT\spring-boot-test-autoconfigure-3.4.0-SNAPSHOT.jar;C:\Users\Aditya\.m2\repository\com\jayway\jsonpath\json-path\2.9.0\json-path-2.9.0.jar;C:\Users\Aditya\.m2\repository\jakarta\xml\bind\jakarta.xml.bind-api\4.0.2\jakarta.xml.bind-api-4.0.2.jar;C:\Users\Aditya\.m2\repository\net\minidev\json-smart\2.5.1\json-smart-2.5.1.jar;C:\Users\Aditya\.m2\repository\net\minidev\accessors-smart\2.5.1\accessors-smart-2.5.1.jar;C:\Users\Aditya\.m2\repository\org\ow2\asm\asm\9.6\asm-9.6.jar;C:\Users\Aditya\.m2\repository\org\assertj\assertj-core\3.26.3\assertj-core-3.26.3.jar;C:\Users\Aditya\.m2\repository\org\awaitility\awaitility\4.2.2\awaitility-4.2.2.jar;C:\Users\Aditya\.m2\repository\org\hamcrest\hamcrest\2.2\hamcrest-2.2.jar;C:\Users\Aditya\.m2\repository\org\junit\jupiter\junit-jupiter\5.11.3\junit-jupiter-5.11.3.jar;C:\Users\Aditya\.m2\repository\org\junit\jupiter\junit-jupiter-api\5.11.3\junit-jupiter-api-5.11.3.jar;C:\Users\Aditya\.m2\repository\org\opentest4j\opentest4j\1.3.0\opentest4j-1.3.0.jar;C:\Users\Aditya\.m2\repository\org\junit\platform\junit-platform-commons\1.11.3\junit-platform-commons-1.11.3.jar;C:\Users\Aditya\.m2\repository\org\apiguardian\apiguardian-api\1.1.2\apiguardian-api-1.1.2.jar;C:\Users\Aditya\.m2\repository\org\junit\jupiter\junit-jupiter-params\5.11.3\junit-jupiter-params-5.11.3.jar;C:\Users\Aditya\.m2\repository\org\junit\jupiter\junit-jupiter-engine\5.11.3\junit-jupiter-engine-5.11.3.jar;C:\Users\Aditya\.m2\repository\org\junit\platform\junit-platform-engine\1.11.3\junit-platform-engine-1.11.3.jar;C:\Users\Aditya\.m2\repository\org\mockito\mockito-core\5.14.2\mockito-core-5.14.2.jar;C:\Users\Aditya\.m2\repository\net\bytebuddy\byte-buddy-agent\1.15.7\byte-buddy-agent-1.15.7.jar;C:\Users\Aditya\.m2\repository\org\objenesis\objenesis\3.3\objenesis-3.3.jar;C:\Users\Aditya\.m2\repository\org\mockito\mockito-junit-jupiter\5.14.2\mockito-junit-jupiter-5.14.2.jar;C:\Users\Aditya\.m2\repository\org\skyscreamer\jsonassert\1.5.3\jsonassert-1.5.3.jar;C:\Users\Aditya\.m2\repository\com\vaadin\external\google\android-json\0.0.20131108.vaadin1\android-json-0.0.20131108.vaadin1.jar;C:\Users\Aditya\.m2\repository\org\springframework\spring-core\6.2.0-SNAPSHOT\spring-core-6.2.0-SNAPSHOT.jar;C:\Users\Aditya\.m2\repository\org\springframework\spring-test\6.2.0-SNAPSHOT\spring-test-6.2.0-SNAPSHOT.jar;C:\Users\Aditya\.m2\repository\org\xmlunit\xmlunit-core\2.10.0\xmlunit-core-2.10.0.jar;"/>
    <property name="java.vm.vendor" value="Eclipse Adoptium"/>
    <property name="sun.arch.data.model" value="64"/>
    <property name="user.variant" value=""/>
    <property name="java.vendor.url" value="https://adoptium.net/"/>
    <property name="user.timezone" value="America/Los_Angeles"/>
    <property name="org.jboss.logging.provider" value="slf4j"/>
    <property name="os.name" value="Windows 11"/>
    <property name="java.vm.specification.version" value="17"/>
    <property name="sun.java.launcher" value="SUN_STANDARD"/>
    <property name="user.country" value="US"/>
    <property name="sun.boot.library.path" value="C:\Program Files\Eclipse Adoptium\jdk-17.0.5.8-hotspot\bin"/>
    <property name="sun.java.command" value="C:\Users\Aditya\AppData\Local\Temp\surefire2389418548892510873\surefirebooter-20241107202043791_3.jar C:\Users\Aditya\AppData\Local\Temp\surefire2389418548892510873 2024-11-07T20-20-43_629-jvmRun1 surefire-20241107202043791_1tmp surefire_0-20241107202043791_2tmp"/>
    <property name="jdk.debug" value="release"/>
    <property name="surefire.test.class.path" value="D:\Project\User Service\target\test-classes;D:\Project\User Service\target\classes;C:\Users\Aditya\.m2\repository\javax\xml\bind\jaxb-api\2.3.1\jaxb-api-2.3.1.jar;C:\Users\Aditya\.m2\repository\javax\activation\javax.activation-api\1.2.0\javax.activation-api-1.2.0.jar;C:\Users\Aditya\.m2\repository\org\glassfish\jaxb\jaxb-runtime\2.3.1\jaxb-runtime-2.3.1.jar;C:\Users\Aditya\.m2\repository\org\glassfish\jaxb\txw2\4.0.5\txw2-4.0.5.jar;C:\Users\Aditya\.m2\repository\com\sun\istack\istack-commons-runtime\4.1.2\istack-commons-runtime-4.1.2.jar;C:\Users\Aditya\.m2\repository\org\jvnet\staxex\stax-ex\2.1.0\stax-ex-2.1.0.jar;C:\Users\Aditya\.m2\repository\jakarta\activation\jakarta.activation-api\2.1.3\jakarta.activation-api-2.1.3.jar;C:\Users\Aditya\.m2\repository\com\sun\xml\fastinfoset\FastInfoset\2.1.1\FastInfoset-2.1.1.jar;C:\Users\Aditya\.m2\repository\io\jsonwebtoken\jjwt\0.9.1\jjwt-0.9.1.jar;C:\Users\Aditya\.m2\repository\com\fasterxml\jackson\core\jackson-databind\2.18.0\jackson-databind-2.18.0.jar;C:\Users\Aditya\.m2\repository\com\fasterxml\jackson\core\jackson-annotations\2.18.0\jackson-annotations-2.18.0.jar;C:\Users\Aditya\.m2\repository\com\fasterxml\jackson\core\jackson-core\2.18.0\jackson-core-2.18.0.jar;C:\Users\Aditya\.m2\repository\org\springframework\boot\spring-boot-starter-actuator\3.4.0-SNAPSHOT\spring-boot-starter-actuator-3.4.0-SNAPSHOT.jar;C:\Users\Aditya\.m2\repository\org\springframework\boot\spring-boot-starter\3.4.0-SNAPSHOT\spring-boot-starter-3.4.0-SNAPSHOT.jar;C:\Users\Aditya\.m2\repository\org\springframework\boot\spring-boot\3.4.0-SNAPSHOT\spring-boot-3.4.0-SNAPSHOT.jar;C:\Users\Aditya\.m2\repository\org\springframework\boot\spring-boot-autoconfigure\3.4.0-SNAPSHOT\spring-boot-autoconfigure-3.4.0-SNAPSHOT.jar;C:\Users\Aditya\.m2\repository\org\springframework\boot\spring-boot-starter-logging\3.4.0-SNAPSHOT\spring-boot-starter-logging-3.4.0-SNAPSHOT.jar;C:\Users\Aditya\.m2\repository\ch\qos\logback\logback-classic\1.5.11\logback-classic-1.5.11.jar;C:\Users\Aditya\.m2\repository\ch\qos\logback\logback-core\1.5.11\logback-core-1.5.11.jar;C:\Users\Aditya\.m2\repository\org\apache\logging\log4j\log4j-to-slf4j\2.24.1\log4j-to-slf4j-2.24.1.jar;C:\Users\Aditya\.m2\repository\org\apache\logging\log4j\log4j-api\2.24.1\log4j-api-2.24.1.jar;C:\Users\Aditya\.m2\repository\org\slf4j\jul-to-slf4j\2.0.16\jul-to-slf4j-2.0.16.jar;C:\Users\Aditya\.m2\repository\jakarta\annotation\jakarta.annotation-api\2.1.1\jakarta.annotation-api-2.1.1.jar;C:\Users\Aditya\.m2\repository\org\yaml\snakeyaml\2.3\snakeyaml-2.3.jar;C:\Users\Aditya\.m2\repository\org\springframework\boot\spring-boot-actuator-autoconfigure\3.4.0-SNAPSHOT\spring-boot-actuator-autoconfigure-3.4.0-SNAPSHOT.jar;C:\Users\Aditya\.m2\repository\org\springframework\boot\spring-boot-actuator\3.4.0-SNAPSHOT\spring-boot-actuator-3.4.0-SNAPSHOT.jar;C:\Users\Aditya\.m2\repository\com\fasterxml\jackson\datatype\jackson-datatype-jsr310\2.18.0\jackson-datatype-jsr310-2.18.0.jar;C:\Users\Aditya\.m2\repository\io\micrometer\micrometer-observation\1.14.0-RC1\micrometer-observation-1.14.0-RC1.jar;C:\Users\Aditya\.m2\repository\io\micrometer\micrometer-commons\1.14.0-RC1\micrometer-commons-1.14.0-RC1.jar;C:\Users\Aditya\.m2\repository\io\micrometer\micrometer-jakarta9\1.14.0-RC1\micrometer-jakarta9-1.14.0-RC1.jar;C:\Users\Aditya\.m2\repository\io\micrometer\micrometer-core\1.14.0-RC1\micrometer-core-1.14.0-RC1.jar;C:\Users\Aditya\.m2\repository\org\hdrhistogram\HdrHistogram\2.2.2\HdrHistogram-2.2.2.jar;C:\Users\Aditya\.m2\repository\org\latencyutils\LatencyUtils\2.0.3\LatencyUtils-2.0.3.jar;C:\Users\Aditya\.m2\repository\org\springframework\boot\spring-boot-starter-data-jpa\3.4.0-SNAPSHOT\spring-boot-starter-data-jpa-3.4.0-SNAPSHOT.jar;C:\Users\Aditya\.m2\repository\org\springframework\boot\spring-boot-starter-jdbc\3.4.0-SNAPSHOT\spring-boot-starter-jdbc-3.4.0-SNAPSHOT.jar;C:\Users\Aditya\.m2\repository\com\zaxxer\HikariCP\5.1.0\HikariCP-5.1.0.jar;C:\Users\Aditya\.m2\repository\org\springframework\spring-jdbc\6.2.0-SNAPSHOT\spring-jdbc-6.2.0-SNAPSHOT.jar;C:\Users\Aditya\.m2\repository\org\hibernate\orm\hibernate-core\6.6.1.Final\hibernate-core-6.6.1.Final.jar;C:\Users\Aditya\.m2\repository\jakarta\persistence\jakarta.persistence-api\3.1.0\jakarta.persistence-api-3.1.0.jar;C:\Users\Aditya\.m2\repository\jakarta\transaction\jakarta.transaction-api\2.0.1\jakarta.transaction-api-2.0.1.jar;C:\Users\Aditya\.m2\repository\org\jboss\logging\jboss-logging\3.6.1.Final\jboss-logging-3.6.1.Final.jar;C:\Users\Aditya\.m2\repository\org\hibernate\common\hibernate-commons-annotations\7.0.1.Final\hibernate-commons-annotations-7.0.1.Final.jar;C:\Users\Aditya\.m2\repository\io\smallrye\jandex\3.2.0\jandex-3.2.0.jar;C:\Users\Aditya\.m2\repository\com\fasterxml\classmate\1.7.0\classmate-1.7.0.jar;C:\Users\Aditya\.m2\repository\net\bytebuddy\byte-buddy\1.15.7\byte-buddy-1.15.7.jar;C:\Users\Aditya\.m2\repository\jakarta\inject\jakarta.inject-api\2.0.1\jakarta.inject-api-2.0.1.jar;C:\Users\Aditya\.m2\repository\org\antlr\antlr4-runtime\4.13.0\antlr4-runtime-4.13.0.jar;C:\Users\Aditya\.m2\repository\org\springframework\data\spring-data-jpa\3.4.0-SNAPSHOT\spring-data-jpa-3.4.0-SNAPSHOT.jar;C:\Users\Aditya\.m2\repository\org\springframework\data\spring-data-commons\3.4.0-SNAPSHOT\spring-data-commons-3.4.0-SNAPSHOT.jar;C:\Users\Aditya\.m2\repository\org\springframework\spring-orm\6.2.0-SNAPSHOT\spring-orm-6.2.0-SNAPSHOT.jar;C:\Users\Aditya\.m2\repository\org\springframework\spring-context\6.2.0-SNAPSHOT\spring-context-6.2.0-SNAPSHOT.jar;C:\Users\Aditya\.m2\repository\org\springframework\spring-tx\6.2.0-SNAPSHOT\spring-tx-6.2.0-SNAPSHOT.jar;C:\Users\Aditya\.m2\repository\org\springframework\spring-beans\6.2.0-SNAPSHOT\spring-beans-6.2.0-SNAPSHOT.jar;C:\Users\Aditya\.m2\repository\org\slf4j\slf4j-api\2.0.16\slf4j-api-2.0.16.jar;C:\Users\Aditya\.m2\repository\org\springframework\spring-aspects\6.2.0-SNAPSHOT\spring-aspects-6.2.0-SNAPSHOT.jar;C:\Users\Aditya\.m2\repository\org\aspectj\aspectjweaver\1.9.22.1\aspectjweaver-1.9.22.1.jar;C:\Users\Aditya\.m2\repository\com\h2database\h2\2.3.232\h2-2.3.232.jar;C:\Users\Aditya\.m2\repository\org\springframework\boot\spring-boot-starter-security\3.4.0-SNAPSHOT\spring-boot-starter-security-3.4.0-SNAPSHOT.jar;C:\Users\Aditya\.m2\repository\org\springframework\spring-aop\6.2.0-SNAPSHOT\spring-aop-6.2.0-SNAPSHOT.jar;C:\Users\Aditya\.m2\repository\org\springframework\security\spring-security-config\6.4.0-SNAPSHOT\spring-security-config-6.4.0-SNAPSHOT.jar;C:\Users\Aditya\.m2\repository\org\springframework\security\spring-security-core\6.4.0-SNAPSHOT\spring-security-core-6.4.0-SNAPSHOT.jar;C:\Users\Aditya\.m2\repository\org\springframework\security\spring-security-crypto\6.4.0-SNAPSHOT\spring-security-crypto-6.4.0-SNAPSHOT.jar;C:\Users\Aditya\.m2\repository\org\springframework\security\spring-security-web\6.4.0-SNAPSHOT\spring-security-web-6.4.0-SNAPSHOT.jar;C:\Users\Aditya\.m2\repository\org\springframework\spring-expression\6.2.0-SNAPSHOT\spring-expression-6.2.0-SNAPSHOT.jar;C:\Users\Aditya\.m2\repository\com\mysql\mysql-connector-j\8.0.33\mysql-connector-j-8.0.33.jar;C:\Users\Aditya\.m2\repository\org\springframework\boot\spring-boot-starter-web\3.4.0-SNAPSHOT\spring-boot-starter-web-3.4.0-SNAPSHOT.jar;C:\Users\Aditya\.m2\repository\org\springframework\boot\spring-boot-starter-json\3.4.0-SNAPSHOT\spring-boot-starter-json-3.4.0-SNAPSHOT.jar;C:\Users\Aditya\.m2\repository\com\fasterxml\jackson\datatype\jackson-datatype-jdk8\2.18.0\jackson-datatype-jdk8-2.18.0.jar;C:\Users\Aditya\.m2\repository\com\fasterxml\jackson\module\jackson-module-parameter-names\2.18.0\jackson-module-parameter-names-2.18.0.jar;C:\Users\Aditya\.m2\repository\org\springframework\boot\spring-boot-starter-tomcat\3.4.0-SNAPSHOT\spring-boot-starter-tomcat-3.4.0-SNAPSHOT.jar;C:\Users\Aditya\.m2\repository\org\apache\tomcat\embed\tomcat-embed-core\10.1.31\tomcat-embed-core-10.1.31.jar;C:\Users\Aditya\.m2\repository\org\apache\tomcat\embed\tomcat-embed-el\10.1.31\tomcat-embed-el-10.1.31.jar;C:\Users\Aditya\.m2\repository\org\apache\tomcat\embed\tomcat-embed-websocket\10.1.31\tomcat-embed-websocket-10.1.31.jar;C:\Users\Aditya\.m2\repository\org\springframework\spring-web\6.2.0-SNAPSHOT\spring-web-6.2.0-SNAPSHOT.jar;C:\Users\Aditya\.m2\repository\org\springframework\spring-webmvc\6.2.0-SNAPSHOT\spring-webmvc-6.2.0-SNAPSHOT.jar;C:\Users\Aditya\.m2\repository\org\springframework\session\spring-session-core\3.4.0-SNAPSHOT\spring-session-core-3.4.0-SNAPSHOT.jar;C:\Users\Aditya\.m2\repository\org\springframework\spring-jcl\6.2.0-SNAPSHOT\spring-jcl-6.2.0-SNAPSHOT.jar;C:\Users\Aditya\.m2\repository\org\projectlombok\lombok\1.18.34\lombok-1.18.34.jar;C:\Users\Aditya\.m2\repository\org\springframework\boot\spring-boot-starter-test\3.4.0-SNAPSHOT\spring-boot-starter-test-3.4.0-SNAPSHOT.jar;C:\Users\Aditya\.m2\repository\org\springframework\boot\spring-boot-test\3.4.0-SNAPSHOT\spring-boot-test-3.4.0-SNAPSHOT.jar;C:\Users\Aditya\.m2\repository\org\springframework\boot\spring-boot-test-autoconfigure\3.4.0-SNAPSHOT\spring-boot-test-autoconfigure-3.4.0-SNAPSHOT.jar;C:\Users\Aditya\.m2\repository\com\jayway\jsonpath\json-path\2.9.0\json-path-2.9.0.jar;C:\Users\Aditya\.m2\repository\jakarta\xml\bind\jakarta.xml.bind-api\4.0.2\jakarta.xml.bind-api-4.0.2.jar;C:\Users\Aditya\.m2\repository\net\minidev\json-smart\2.5.1\json-smart-2.5.1.jar;C:\Users\Aditya\.m2\repository\net\minidev\accessors-smart\2.5.1\accessors-smart-2.5.1.jar;C:\Users\Aditya\.m2\repository\org\ow2\asm\asm\9.6\asm-9.6.jar;C:\Users\Aditya\.m2\repository\org\assertj\assertj-core\3.26.3\assertj-core-3.26.3.jar;C:\Users\Aditya\.m2\repository\org\awaitility\awaitility\4.2.2\awaitility-4.2.2.jar;C:\Users\Aditya\.m2\repository\org\hamcrest\hamcrest\2.2\hamcrest-2.2.jar;C:\Users\Aditya\.m2\repository\org\junit\jupiter\junit-jupiter\5.11.3\junit-jupiter-5.11.3.jar;C:\Users\Aditya\.m2\repository\org\junit\jupiter\junit-jupiter-api\5.11.3\junit-jupiter-api-5.11.3.jar;C:\Users\Aditya\.m2\repository\org\opentest4j\opentest4j\1.3.0\opentest4j-1.3.0.jar;C:\Users\Aditya\.m2\repository\org\junit\platform\junit-platform-commons\1.11.3\junit-platform-commons-1.11.3.jar;C:\Users\Aditya\.m2\repository\org\apiguardian\apiguardian-api\1.1.2\apiguardian-api-1.1.2.jar;C:\Users\Aditya\.m2\repository\org\junit\jupiter\junit-jupiter-params\5.11.3\junit-jupiter-params-5.11.3.jar;C:\Users\Aditya\.m2\repository\org\junit\jupiter\junit-jupiter-engine\5.11.3\junit-jupiter-engine-5.11.3.jar;C:\Users\Aditya\.m2\repository\org\junit\platform\junit-platform-engine\1.11.3\junit-platform-engine-1.11.3.jar;C:\Users\Aditya\.m2\repository\org\mockito\mockito-core\5.14.2\mockito-core-5.14.2.jar;C:\Users\Aditya\.m2\repository\net\bytebuddy\byte-buddy-agent\1.15.7\byte-buddy-agent-1.15.7.jar;C:\Users\Aditya\.m2\repository\org\objenesis\objenesis\3.3\objenesis-3.3.jar;C:\Users\Aditya\.m2\repository\org\mockito\mockito-junit-jupiter\5.14.2\mockito-junit-jupiter-5.14.2.jar;C:\Users\Aditya\.m2\repository\org\skyscreamer\jsonassert\1.5.3\jsonassert-1.5.3.jar;C:\Users\Aditya\.m2\repository\com\vaadin\external\google\android-json\0.0.20131108.vaadin1\android-json-0.0.20131108.vaadin1.jar;C:\Users\Aditya\.m2\repository\org\springframework\spring-core\6.2.0-SNAPSHOT\spring-core-6.2.0-SNAPSHOT.jar;C:\Users\Aditya\.m2\repository\org\springframework\spring-test\6.2.0-SNAPSHOT\spring-test-6.2.0-SNAPSHOT.jar;C:\Users\Aditya\.m2\repository\org\xmlunit\xmlunit-core\2.10.0\xmlunit-core-2.10.0.jar;"/>
    <property name="sun.cpu.endian" value="little"/>
    <property name="user.home" value="C:\Users\Aditya"/>
    <property name="user.language" value="en"/>
    <property name="java.specification.vendor" value="Oracle Corporation"/>
    <property name="java.version.date" value="2022-10-18"/>
    <property name="java.home" value="C:\Program Files\Eclipse Adoptium\jdk-17.0.5.8-hotspot"/>
    <property name="file.separator" value="\"/>
    <property name="basedir" value="D:\Project\User Service"/>
    <property name="java.vm.compressedOopsMode" value="Zero based"/>
    <property name="line.separator" value="&#10;"/>
    <property name="java.vm.specification.vendor" value="Oracle Corporation"/>
    <property name="java.specification.name" value="Java Platform API Specification"/>
    <property name="FILE_LOG_CHARSET" value="windows-1252"/>
    <property name="java.awt.headless" value="true"/>
    <property name="surefire.real.class.path" value="C:\Users\Aditya\AppData\Local\Temp\surefire2389418548892510873\surefirebooter-20241107202043791_3.jar"/>
    <property name="user.script" value=""/>
    <property name="sun.management.compiler" value="HotSpot 64-Bit Tiered Compilers"/>
    <property name="java.runtime.version" value="17.0.5+8"/>
    <property name="user.name" value="Aditya"/>
    <property name="path.separator" value=";"/>
    <property name="os.version" value="10.0"/>
    <property name="java.runtime.name" value="OpenJDK Runtime Environment"/>
    <property name="file.encoding" value="Cp1252"/>
    <property name="java.vm.name" value="OpenJDK 64-Bit Server VM"/>
    <property name="java.vendor.version" value="Temurin-17.0.5+8"/>
    <property name="localRepository" value="C:\Users\Aditya\.m2\repository"/>
    <property name="java.vendor.url.bug" value="https://github.com/adoptium/adoptium-support/issues"/>
    <property name="java.io.tmpdir" value="C:\Users\Aditya\AppData\Local\Temp\"/>
    <property name="idea.version" value="2023.2.2"/>
    <property name="com.zaxxer.hikari.pool_number" value="1"/>
    <property name="java.version" value="17.0.5"/>
    <property name="user.dir" value="D:\Project\User Service"/>
    <property name="os.arch" value="amd64"/>
    <property name="java.vm.specification.name" value="Java Virtual Machine Specification"/>
    <property name="PID" value="13552"/>
    <property name="sun.os.patch.level" value=""/>
    <property name="CONSOLE_LOG_CHARSET" value="windows-1252"/>
    <property name="native.encoding" value="Cp1252"/>
    <property name="java.library.path" value="C:\Program Files\Eclipse Adoptium\jdk-17.0.5.8-hotspot\bin;C:\WINDOWS\Sun\Java\bin;C:\WINDOWS\system32;C:\WINDOWS;C:\Program Files\Microsoft MPI\Bin\;C:\Program Files\Eclipse Adoptium\jdk-17.0.5.8-hotspot\bin;C:\Program Files (x86)\Common Files\Oracle\Java\javapath;C:\Windows\system32;C:\Windows;C:\Windows\System32\Wbem;C:\Windows\System32\WindowsPowerShell\v1.0\;C:\Windows\System32\OpenSSH\;C:\Program Files (x86)\NVIDIA Corporation\PhysX\Common;C:\Program Files\NVIDIA Corporation\NVIDIA NvDLISR;C:\Program Files\Git\cmd;C:\Program Files\nodejs\;C:\WINDOWS\system32;C:\WINDOWS;C:\WINDOWS\System32\Wbem;C:\WINDOWS\System32\WindowsPowerShell\v1.0\;C:\WINDOWS\System32\OpenSSH\;C:\Program Files\Docker\Docker\resources\bin;C:\Program Files\NVIDIA Corporation\Nsight Compute 2024.3.1\;C:\mingw64\bin;C:\Program Files\MySQL\MySQL Shell 8.0\bin\;C:\Users\Aditya\AppData\Local\Microsoft\WindowsApps;C:\Users\Aditya\AppData\Local\Programs\Microsoft VS Code\bin;C:\Users\Aditya\AppData\Roaming\npm;C:\Program Files\JetBrains\IntelliJ IDEA 2023.2.2\bin;;GRADLE_HOME;D:\Project\intelisearch\elasticstack\kibana-8.12.2-windows-x86_64\kibana-8.12.2\bin;D:\Project\intelisearch\elasticstack\elasticsearch-8.12.2-windows-x86_64\elasticsearch-8.12.2\bin;;."/>
    <property name="java.vm.info" value="mixed mode, sharing"/>
    <property name="java.vendor" value="Eclipse Adoptium"/>
    <property name="java.vm.version" value="17.0.5+8"/>
    <property name="sun.io.unicode.encoding" value="UnicodeLittle"/>
    <property name="java.class.version" value="61.0"/>
  </properties>
  <testcase name="contextLoads" classname="com.example.userservice.UserServiceApplicationTests" time="0.382">
    <system-out><![CDATA[20:20:44.711 [main] INFO org.springframework.test.context.support.AnnotationConfigContextLoaderUtils -- Could not detect default configuration classes for test class [com.example.userservice.UserServiceApplicationTests]: UserServiceApplicationTests does not declare any static, non-private, non-final, nested classes annotated with @Configuration.
20:20:44.821 [main] INFO org.springframework.boot.test.context.SpringBootTestContextBootstrapper -- Found @SpringBootConfiguration com.example.userservice.UserServiceApplication for test class com.example.userservice.UserServiceApplicationTests

  .   ____          _            __ _ _
 /\\ / ___'_ __ _ _(_)_ __  __ _ \ \ \ \
( ( )\___ | '_ | '_| | '_ \/ _` | \ \ \ \
 \\/  ___)| |_)| | | | | || (_| |  ) ) ) )
  '  |____| .__|_| |_|_| |_\__, | / / / /
 =========|_|==============|___/=/_/_/_/

 :: Spring Boot ::       (v3.4.0-SNAPSHOT)

2024-11-07T20:20:45.423-08:00  INFO 13552 --- [           main] c.e.u.UserServiceApplicationTests        : Starting UserServiceApplicationTests using Java 17.0.5 with PID 13552 (started by Aditya in D:\Project\User Service)
2024-11-07T20:20:45.424-08:00  INFO 13552 --- [           main] c.e.u.UserServiceApplicationTests        : No active profile set, falling back to 1 default profile: "default"
2024-11-07T20:20:46.425-08:00  INFO 13552 --- [           main] .s.d.r.c.RepositoryConfigurationDelegate : Bootstrapping Spring Data JPA repositories in DEFAULT mode.
2024-11-07T20:20:46.506-08:00  INFO 13552 --- [           main] .s.d.r.c.RepositoryConfigurationDelegate : Finished Spring Data repository scanning in 70 ms. Found 3 JPA repository interfaces.
2024-11-07T20:20:47.454-08:00  INFO 13552 --- [           main] o.hibernate.jpa.internal.util.LogHelper  : HHH000204: Processing PersistenceUnitInfo [name: default]
2024-11-07T20:20:47.546-08:00  INFO 13552 --- [           main] org.hibernate.Version                    : HHH000412: Hibernate ORM core version 6.6.1.Final
2024-11-07T20:20:47.595-08:00  INFO 13552 --- [           main] o.h.c.internal.RegionFactoryInitiator    : HHH000026: Second-level cache disabled
2024-11-07T20:20:48.069-08:00  INFO 13552 --- [           main] o.s.o.j.p.SpringPersistenceUnitInfo      : No LoadTimeWeaver setup: ignoring JPA class transformer
2024-11-07T20:20:48.125-08:00  INFO 13552 --- [           main] com.zaxxer.hikari.HikariDataSource       : HikariPool-1 - Starting...
2024-11-07T20:20:48.427-08:00  INFO 13552 --- [           main] com.zaxxer.hikari.pool.HikariPool        : HikariPool-1 - Added connection com.mysql.cj.jdbc.ConnectionImpl@6595ffce
2024-11-07T20:20:48.429-08:00  INFO 13552 --- [           main] com.zaxxer.hikari.HikariDataSource       : HikariPool-1 - Start completed.
2024-11-07T20:20:48.478-08:00  WARN 13552 --- [           main] org.hibernate.orm.deprecation            : HHH90000025: MySQL8Dialect does not need to be specified explicitly using 'hibernate.dialect' (remove the property setting and it will be selected by default)
2024-11-07T20:20:48.479-08:00  WARN 13552 --- [           main] org.hibernate.orm.deprecation            : HHH90000026: MySQL8Dialect has been deprecated; use org.hibernate.dialect.MySQLDialect instead
2024-11-07T20:20:48.503-08:00  INFO 13552 --- [           main] org.hibernate.orm.connections.pooling    : HHH10001005: Database info:
	Database JDBC URL [Connecting through datasource 'HikariDataSource (HikariPool-1)']
	Database driver: undefined/unknown
	Database version: 8.0
	Autocommit mode: undefined/unknown
	Isolation level: undefined/unknown
	Minimum pool size: undefined/unknown
	Maximum pool size: undefined/unknown
2024-11-07T20:20:49.485-08:00  INFO 13552 --- [           main] o.h.e.t.j.p.i.JtaPlatformInitiator       : HHH000489: No JTA platform available (set 'hibernate.transaction.jta.platform' to enable JTA platform integration)
2024-11-07T20:20:49.541-08:00  INFO 13552 --- [           main] j.LocalContainerEntityManagerFactoryBean : Initialized JPA EntityManagerFactory for persistence unit 'default'
2024-11-07T20:20:50.312-08:00  WARN 13552 --- [           main] JpaBaseConfiguration$JpaWebConfiguration : spring.jpa.open-in-view is enabled by default. Therefore, database queries may be performed during view rendering. Explicitly configure spring.jpa.open-in-view to disable this warning
2024-11-07T20:20:50.408-08:00  WARN 13552 --- [           main] .s.s.UserDetailsServiceAutoConfiguration : 

Using generated security password: ee49835f-dd70-44b9-9482-a9664508a875

This generated password is for development use only. Your security configuration must be updated before running your application in production.

2024-11-07T20:20:50.434-08:00  INFO 13552 --- [           main] r$InitializeUserDetailsManagerConfigurer : Global AuthenticationManager configured with UserDetailsService bean with name inMemoryUserDetailsManager
2024-11-07T20:20:51.930-08:00  INFO 13552 --- [           main] o.s.b.a.e.web.EndpointLinksResolver      : Exposing 1 endpoint beneath base path '/actuator'
2024-11-07T20:20:52.046-08:00  INFO 13552 --- [           main] c.e.u.UserServiceApplicationTests        : Started UserServiceApplicationTests in 7.05 seconds (process running for 8.077)
]]></system-out>
  </testcase>
</testsuite>